<?xml version="1.0" encoding="utf-8"?><testsuites name="pytest tests"><testsuite name="pytest" errors="0" failures="1" skipped="0" tests="36" time="9.910" timestamp="2026-06-24T05:09:51.786675+00:00" hostname="agent-env-35cf1804-8b17-4a2c-a833-05aae6d9ac23"><testcase classname="tests.test_auto_backend.TestDepositFlow" name="test_client2_no_deposit_initially" time="0.355" /><testcase classname="tests.test_auto_backend.TestVehicles" name="test_list_vehicles_seeded" time="0.247" /><testcase classname="tests.test_auto_backend.TestVehicles" name="test_filter_country_nz" time="0.219" /><testcase classname="tests.test_auto_backend.TestDepositFlow" name="test_client2_upload_deposit" time="0.102" /><testcase classname="tests.test_auto_backend.TestDepositFlow" name="test_my_deposit_pending" time="0.198" /><testcase classname="tests.test_auto_backend.TestVehicles" name="test_filter_listing_type_auction" time="0.107" /><testcase classname="tests.test_auto_backend.TestVehicles" name="test_filter_search_toyota" time="0.099" /><testcase classname="tests.test_auto_backend.TestVehicles" name="test_filter_year_price_range" time="0.131" /><testcase classname="tests.test_auto_backend.TestDepositFlow" name="test_admin_deposits_lists_pending" time="0.202" /><testcase classname="tests.test_auto_backend.TestVehicles" name="test_pagination" time="0.107" /><testcase classname="tests.test_auto_backend.TestVehicles" name="test_get_vehicle_detail" time="0.100" /><testcase classname="tests.test_auto_backend.TestDepositFlow" name="test_non_admin_cannot_list_deposits" time="0.206" /><testcase classname="tests.test_auto_backend.TestVehicles" name="test_highest_bid_endpoint" time="0.095" /><testcase classname="tests.test_auto_backend.TestDepositFlow" name="test_admin_verify_deposit" time="0.098" /><testcase classname="tests.test_auto_backend.TestBidding" name="test_bid_requires_deposit_client2" time="0.200"><failure message="AssertionError: expected 403, got 400 {&quot;detail&quot;:&quot;Ставка должна превышать текущую максимальную ставку (NZ$9999).&quot;}&#10;assert 400 == 403&#10; +  where 400 = &lt;Response [400]&gt;.status_code">backend/tests/test_auto_backend.py:176: in test_bid_requires_deposit_client2
    assert r.status_code == 403, f"expected 403, got {r.status_code} {r.text}"
E   AssertionError: expected 403, got 400 {"detail":"Ставка должна превышать текущую максимальную ставку (NZ$9999)."}
E   assert 400 == 403
E    +  where 400 = &lt;Response [400]&gt;.status_code</failure></testcase><testcase classname="tests.test_auto_backend.TestDepositFlow" name="test_client2_can_bid_after_verify" time="0.341" /><testcase classname="tests.test_auto_backend.TestBidding" name="test_bid_happy_path_and_outbid" time="0.428" /><testcase classname="tests.test_auto_backend.TestAuth" name="test_admin_login" time="0.106" /><testcase classname="tests.test_auto_backend.TestAuth" name="test_client_login" time="0.098" /><testcase classname="tests.test_auto_backend.TestAuth" name="test_client2_login" time="0.098" /><testcase classname="tests.test_auto_backend.TestBidding" name="test_equal_bid_rejected" time="0.212" /><testcase classname="tests.test_auto_backend.TestAdminVehicles" name="test_create" time="0.143" /><testcase classname="tests.test_auto_backend.TestAdminVehicles" name="test_update" time="0.102" /><testcase classname="tests.test_auto_backend.TestBidding" name="test_au_bidding_disabled" time="0.098" /><testcase classname="tests.test_auto_backend.TestAdminVehicles" name="test_delete" time="0.210" /><testcase classname="tests.test_auto_backend.TestImport" name="test_import_from_text" time="3.634" /><testcase classname="tests.test_auto_backend.TestLegacy" name="test_root" time="0.213" /><testcase classname="tests.test_auto_backend.TestLegacy" name="test_currency_info" time="0.313" /><testcase classname="tests.test_auto_backend.TestInquiry" name="test_inquiry_anonymous" time="0.111" /><testcase classname="tests.test_auto_backend.TestInquiry" name="test_inquiry_authenticated" time="0.095" /><testcase classname="tests.test_auto_backend.TestAI" name="test_ai_translate" time="1.174" /><testcase classname="tests.test_auto_backend.TestAI" name="test_ai_summary" time="4.812" /><testcase classname="tests.test_auto_backend.TestImport" name="test_import_from_text_save" time="3.073" /><testcase classname="tests.test_auto_backend.TestImport" name="test_import_from_invalid_url" time="0.152" /><testcase classname="tests.test_auto_backend.TestPriceBreakdown" name="test_breakdown_formula" time="0.106" /><testcase classname="tests.test_auto_backend.TestWatchlist" name="test_toggle" time="0.201" /></testsuite></testsuites>