<?xml version="1.0" encoding="utf-8"?><testsuites name="pytest tests"><testsuite name="pytest" errors="0" failures="0" skipped="0" tests="18" time="5.315" timestamp="2026-06-24T09:14:43.784588+00:00" hostname="agent-env-35cf1804-8b17-4a2c-a833-05aae6d9ac23"><testcase classname="tests.test_iter8_regression.TestCalendarI18n" name="test_calendar_returns_events" time="0.146" /><testcase classname="tests.test_iter8_regression.TestCalendarI18n" name="test_calendar_titles_are_russian" time="0.081" /><testcase classname="tests.test_iter8_regression.TestRegression" name="test_admin_login" time="0.162" /><testcase classname="tests.test_iter8_regression.TestRegression" name="test_client_login" time="0.044" /><testcase classname="tests.test_iter8_regression.TestRegression" name="test_chat_reply" time="3.816" /><testcase classname="tests.test_iter8_regression.TestCalendarI18n" name="test_calendar_preserves_english_originals" time="0.211" /><testcase classname="tests.test_iter8_regression.TestCalendarI18n" name="test_calendar_branches_translated" time="0.055" /><testcase classname="tests.test_iter8_regression.TestCalendarI18n" name="test_calendar_cities_translated" time="0.056" /><testcase classname="tests.test_iter8_regression.TestBodyTypeCounts" name="test_body_type_counts_returns_canonical_8" time="0.050" /><testcase classname="tests.test_iter8_regression.TestBodyTypeCounts" name="test_vehicles_body_type_filter[sedan]" time="0.047" /><testcase classname="tests.test_iter8_regression.TestBodyTypeCounts" name="test_vehicles_body_type_filter[suv]" time="0.047" /><testcase classname="tests.test_iter8_regression.TestBodyTypeCounts" name="test_vehicles_body_type_filter[hatchback]" time="0.045" /><testcase classname="tests.test_iter8_regression.TestProductionReadiness" name="test_backend_url_is_production" time="0.000" /><testcase classname="tests.test_iter8_regression.TestProductionReadiness" name="test_no_nzd_in_calendar_response" time="0.055" /><testcase classname="tests.test_iter8_regression.TestProductionReadiness" name="test_no_nzd_in_vehicles_response" time="0.044" /><testcase classname="tests.test_iter8_regression.TestRegression" name="test_admin_settings" time="0.045" /><testcase classname="tests.test_iter8_regression.TestRegression" name="test_my_deposit_verified_client" time="0.044" /><testcase classname="tests.test_iter8_regression.TestRegression" name="test_deposit_stripe_session" time="0.569" /></testsuite></testsuites>