<?xml version="1.0" encoding="utf-8"?><testsuites name="pytest tests"><testsuite name="pytest" errors="0" failures="0" skipped="0" tests="11" time="2.089" timestamp="2026-06-25T01:51:02.557289+00:00" hostname="agent-env-35cf1804-8b17-4a2c-a833-05aae6d9ac23"><testcase classname="tests.test_iter10_quiz_crm" name="test_quiz_meta_structure" time="0.262" /><testcase classname="tests.test_iter10_quiz_crm" name="test_vehicles_listing_regression" time="0.135" /><testcase classname="tests.test_iter10_quiz_crm" name="test_quiz_submit_missing_name_400" time="0.264" /><testcase classname="tests.test_iter10_quiz_crm" name="test_quiz_submit_missing_contact_400" time="0.111" /><testcase classname="tests.test_iter10_quiz_crm" name="test_quiz_submit_happy" time="0.374" /><testcase classname="tests.test_iter10_quiz_crm" name="test_quiz_matches_non_empty" time="0.109" /><testcase classname="tests.test_iter10_quiz_crm" name="test_admin_clients_shape" time="0.116" /><testcase classname="tests.test_iter10_quiz_crm" name="test_admin_clients_unauthorized" time="0.094" /><testcase classname="tests.test_iter10_quiz_crm" name="test_admin_client_timeline_user" time="0.278" /><testcase classname="tests.test_iter10_quiz_crm" name="test_admin_client_timeline_user_404" time="0.143" /><testcase classname="tests.test_iter10_quiz_crm" name="test_admin_lead_timeline_anon" time="0.110" /></testsuite></testsuites>