<?xml version="1.0" encoding="utf-8"?><testsuites name="pytest tests"><testsuite name="pytest" errors="0" failures="0" skipped="0" tests="6" time="1.119" timestamp="2026-06-25T03:59:23.875142+00:00" hostname="agent-env-35cf1804-8b17-4a2c-a833-05aae6d9ac23"><testcase classname="tests.test_iter16_payment_terms" name="test_payment_terms_summary" time="0.133" /><testcase classname="tests.test_iter16_payment_terms" name="test_deposit_required_tier1_hilux" time="0.148" /><testcase classname="tests.test_iter16_payment_terms" name="test_deposit_required_base_cheap_lot" time="0.283" /><testcase classname="tests.test_iter16_payment_terms" name="test_deposit_required_tier2_via_helper" time="0.001" /><testcase classname="tests.test_iter16_payment_terms" name="test_deposit_required_garbage_id_404" time="0.142" /><testcase classname="tests.test_iter16_payment_terms" name="test_bid_blocked_when_deposit_insufficient" time="0.330" /></testsuite></testsuites>