<?xml version="1.0" encoding="utf-8"?><testsuites name="pytest tests"><testsuite name="pytest" errors="0" failures="0" skipped="0" tests="2" time="5.091" timestamp="2026-06-25T03:05:41.399338+00:00" hostname="agent-env-35cf1804-8b17-4a2c-a833-05aae6d9ac23"><testcase classname="tests.test_iter13_manheim_otahuhu" name="test_admin_refresh_returns_both_sources" time="4.596" /><testcase classname="tests.test_iter13_manheim_otahuhu" name="test_calendar_contains_manheim_with_russian_city" time="0.121" /></testsuite></testsuites>