<?xml version="1.0" encoding="utf-8"?><testsuites name="pytest tests"><testsuite name="pytest" errors="0" failures="0" skipped="0" tests="15" time="5.878" timestamp="2026-06-25T01:58:41.056687+00:00" hostname="agent-env-35cf1804-8b17-4a2c-a833-05aae6d9ac23"><testcase classname="tests.test_iter11_refactor_regression" name="test_quiz_meta_200" time="0.124" /><testcase classname="tests.test_iter11_refactor_regression" name="test_quiz_submit_happy" time="0.216" /><testcase classname="tests.test_iter11_refactor_regression" name="test_quiz_submit_400_empty_name" time="0.118" /><testcase classname="tests.test_iter11_refactor_regression" name="test_quiz_submit_400_empty_contact" time="0.111" /><testcase classname="tests.test_iter11_refactor_regression" name="test_chat_post_any_message" time="3.598" /><testcase classname="tests.test_iter11_refactor_regression" name="test_vehicles_200" time="0.100" /><testcase classname="tests.test_iter11_refactor_regression" name="test_interests_anonymous" time="0.105" /><testcase classname="tests.test_iter11_refactor_regression" name="test_interests_with_name_phone" time="0.111" /><testcase classname="tests.test_iter11_refactor_regression" name="test_market_summary_200" time="0.122" /><testcase classname="tests.test_iter11_refactor_regression" name="test_ending_soon_200" time="0.101" /><testcase classname="tests.test_iter11_refactor_regression" name="test_offers_requires_bearer_401" time="0.099" /><testcase classname="tests.test_iter11_refactor_regression" name="test_admin_interests_auth" time="0.225" /><testcase classname="tests.test_iter11_refactor_regression" name="test_admin_interests_unauthorized" time="0.127" /><testcase classname="tests.test_iter11_refactor_regression" name="test_admin_clients_auth" time="0.113" /><testcase classname="tests.test_iter11_refactor_regression" name="test_admin_client_timeline" time="0.213" /></testsuite></testsuites>