<?xml version="1.0" encoding="utf-8"?><testsuites name="pytest tests"><testsuite name="pytest" errors="0" failures="0" skipped="1" tests="8" time="1.367" timestamp="2026-09-15T02:40:57.236462+00:00" hostname="agent-env-35cf1804-8b17-4a2c-a833-05aae6d9ac23"><testcase classname="tests.test_iter18_landed_sanity_terms.TestQuiz" name="test_quiz_meta" time="0.197" /><testcase classname="tests.test_iter18_landed_sanity_terms.TestLandedDefaults" name="test_damaged_defaults" time="0.413" /><testcase classname="tests.test_iter18_landed_sanity_terms.TestQuiz" name="test_quiz_submit" time="0.269" /><testcase classname="tests.test_iter18_landed_sanity_terms.TestLandedDefaults" name="test_end_of_life_defaults" time="0.119"><skipped type="pytest.skip" message="no end_of_life vehicles found in sample">/app/backend/tests/test_iter18_landed_sanity_terms.py:190: no end_of_life vehicles found in sample</skipped></testcase><testcase classname="tests.test_iter18_landed_sanity_terms.TestAiSanitize" name="test_list_estimates_sanitized" time="0.122" /><testcase classname="tests.test_iter18_landed_sanity_terms.TestPaymentTerms" name="test_payment_terms_v2" time="0.078" /><testcase classname="tests.test_iter18_landed_sanity_terms.TestLandedEstimate" name="test_landed_estimate_present_and_realistic" time="0.403" /><testcase classname="tests.test_iter18_landed_sanity_terms.TestRuCustomsCalc" name="test_calc_breakdown" time="0.084" /></testsuite></testsuites>