<?xml version="1.0" encoding="utf-8"?><testsuites name="pytest tests"><testsuite name="pytest" errors="0" failures="0" skipped="0" tests="12" time="3.338" timestamp="2026-09-15T03:52:17.030536+00:00" hostname="agent-env-35cf1804-8b17-4a2c-a833-05aae6d9ac23"><testcase classname="tests.test_hammer_capture_iter21" name="test_snapshot_current_listings_manheim" time="0.123" /><testcase classname="tests.test_hammer_capture_iter21" name="test_sweep_stale_as_sold_captures_stale" time="0.014" /><testcase classname="tests.test_hammer_capture_iter21" name="test_sweep_skips_out_of_window" time="0.009" /><testcase classname="tests.test_hammer_capture_iter21" name="test_admin_capture_hammer_endpoint" time="0.462" /><testcase classname="tests.test_hammer_capture_iter21" name="test_sold_history_falls_back_to_current_listings" time="0.162" /><testcase classname="tests.test_hammer_capture_iter21" name="test_scheduler_hammer_constants_and_status_key" time="0.000" /><testcase classname="tests.test_hammer_capture_iter21" name="test_is_non_vehicle_whitelist_regression[payload0-False]" time="0.000" /><testcase classname="tests.test_hammer_capture_iter21" name="test_is_non_vehicle_whitelist_regression[payload1-False]" time="0.000" /><testcase classname="tests.test_hammer_capture_iter21" name="test_is_non_vehicle_whitelist_regression[payload2-False]" time="0.000" /><testcase classname="tests.test_hammer_capture_iter21" name="test_is_non_vehicle_whitelist_regression[payload3-False]" time="0.000" /><testcase classname="tests.test_hammer_capture_iter21" name="test_is_non_vehicle_whitelist_regression[payload4-True]" time="0.000" /><testcase classname="tests.test_hammer_capture_iter21" name="test_is_non_vehicle_whitelist_regression[payload5-True]" time="0.000" /></testsuite></testsuites>