<?xml version="1.0" encoding="utf-8"?><testsuites name="pytest tests"><testsuite name="pytest" errors="0" failures="0" skipped="0" tests="7" time="6.956" timestamp="2026-06-25T03:44:29.638625+00:00" hostname="agent-env-35cf1804-8b17-4a2c-a833-05aae6d9ac23"><testcase classname="tests.test_iter15_bulk_mirror.TestImportAll" name="test_import_all_returns_quickly_with_job_id" time="0.288" /><testcase classname="tests.test_iter15_bulk_mirror.TestImportAll" name="test_import_status_progresses_to_done" time="6.233" /><testcase classname="tests.test_iter15_bulk_mirror.TestImportAll" name="test_import_status_by_job_id" time="0.053" /><testcase classname="tests.test_iter15_bulk_mirror.TestCatalogScale" name="test_catalog_summary_total_gte_1000" time="0.084" /><testcase classname="tests.test_iter15_bulk_mirror.TestCatalogScale" name="test_manheim_filter_has_20_plus" time="0.071" /><testcase classname="tests.test_iter15_bulk_mirror.TestCatalogScale" name="test_turners_filter_has_20_plus" time="0.078" /><testcase classname="tests.test_iter15_bulk_mirror.TestAuctionCalendarRegression" name="test_calendar_has_turners_and_manheim" time="0.066" /></testsuite></testsuites>