<?xml version="1.0" encoding="utf-8"?><testsuites name="pytest tests"><testsuite name="pytest" errors="0" failures="0" skipped="0" tests="14" time="2.973" timestamp="2026-09-15T03:42:50.478888+00:00" hostname="agent-env-35cf1804-8b17-4a2c-a833-05aae6d9ac23"><testcase classname="tests.test_is_non_vehicle_whitelist" name="test_whitelist_vehicles_pass_under_trucks_url[2015 Toyota Hiace ZL 3.0D]" time="0.000" /><testcase classname="tests.test_is_non_vehicle_whitelist" name="test_whitelist_vehicles_pass_under_trucks_url[2018 Ford Transit LWB]" time="0.000" /><testcase classname="tests.test_is_non_vehicle_whitelist" name="test_whitelist_vehicles_pass_under_trucks_url[2016 Mercedes-Benz Sprinter 519]" time="0.000" /><testcase classname="tests.test_is_non_vehicle_whitelist" name="test_whitelist_vehicles_pass_under_trucks_url[2019 Toyota Hilux SR5]" time="0.000" /><testcase classname="tests.test_is_non_vehicle_whitelist" name="test_whitelist_vehicles_pass_under_trucks_url[2020 Ford Ranger Wildtrak]" time="0.000" /><testcase classname="tests.test_is_non_vehicle_whitelist" name="test_whitelist_vehicles_pass_under_trucks_url[2017 Nissan Navara ST-X]" time="0.000" /><testcase classname="tests.test_is_non_vehicle_whitelist" name="test_whitelist_vehicles_pass_under_trucks_url[2018 Volkswagen Amarok TDI]" time="0.000" /><testcase classname="tests.test_is_non_vehicle_whitelist" name="test_whitelist_vehicles_pass_under_trucks_url[2015 Mazda BT-50 GSX]" time="0.000" /><testcase classname="tests.test_is_non_vehicle_whitelist" name="test_blacklist_beats_whitelist" time="0.000" /><testcase classname="tests.test_is_non_vehicle_whitelist" name="test_non_vehicle_titles_under_trucks_url_drop[BG800 Steel Barrier]" time="0.000" /><testcase classname="tests.test_is_non_vehicle_whitelist" name="test_non_vehicle_titles_under_trucks_url_drop[Cement Mixer 400L]" time="0.000" /><testcase classname="tests.test_is_non_vehicle_whitelist" name="test_passenger_url_passes" time="0.000" /><testcase classname="tests.test_is_non_vehicle_whitelist" name="test_cleanup_non_vehicles_regression" time="0.427" /><testcase classname="tests.test_is_non_vehicle_whitelist" name="test_sold_history_regression" time="0.257" /></testsuite></testsuites>