<?xml version="1.0" encoding="utf-8"?><testsuites name="pytest tests"><testsuite name="pytest" errors="0" failures="0" skipped="0" tests="14" time="3.461" timestamp="2026-06-25T06:44:42.023753+00:00" hostname="agent-env-35cf1804-8b17-4a2c-a833-05aae6d9ac23"><testcase classname="tests.test_iter17_admin_2fa" name="test_01_status_initially_disabled" time="0.426" /><testcase classname="tests.test_iter17_admin_2fa" name="test_02_setup_returns_secret_qr_and_uri" time="0.131" /><testcase classname="tests.test_iter17_admin_2fa" name="test_03_setup_idempotent_same_secret" time="0.110" /><testcase classname="tests.test_iter17_admin_2fa" name="test_04_verify_setup_wrong_code_400" time="0.099" /><testcase classname="tests.test_iter17_admin_2fa" name="test_05_verify_setup_correct_returns_mfa_token" time="0.108" /><testcase classname="tests.test_iter17_admin_2fa" name="test_06_admin_endpoint_without_mfa_header_401" time="0.098" /><testcase classname="tests.test_iter17_admin_2fa" name="test_07_admin_endpoint_with_mfa_header_200" time="0.114" /><testcase classname="tests.test_iter17_admin_2fa" name="test_08_login_wrong_code_401" time="0.113" /><testcase classname="tests.test_iter17_admin_2fa" name="test_09_login_correct_returns_fresh_token" time="0.103" /><testcase classname="tests.test_iter17_admin_2fa" name="test_10_customer_cannot_setup_2fa" time="0.207" /><testcase classname="tests.test_iter17_admin_2fa" name="test_11_status_does_not_require_mfa_header" time="0.096" /><testcase classname="tests.test_iter17_admin_2fa" name="test_12_disable_with_correct_code" time="1.217" /><testcase classname="tests.test_iter17_admin_2fa" name="test_R1_catalog_at_least_1000" time="0.136" /><testcase classname="tests.test_iter17_admin_2fa" name="test_R2_payment_terms_tiered" time="0.101" /></testsuite></testsuites>