<?xml version="1.0" encoding="utf-8"?><testsuites name="pytest tests"><testsuite name="pytest" errors="0" failures="1" skipped="0" tests="11" time="3.949" timestamp="2026-06-24T05:47:31.755768+00:00" hostname="agent-env-35cf1804-8b17-4a2c-a833-05aae6d9ac23"><testcase classname="tests.test_auto_iteration2.TestAuctionsCalendar" name="test_calendar_basic_shape" time="0.220"><failure message="AssertionError: bucket sum 0 != events 47&#10;assert 0 == 47">tests/test_auto_iteration2.py:113: in test_calendar_basic_shape
    assert bucket_sum == d["count"], f"bucket sum {bucket_sum} != events {d['count']}"
E   AssertionError: bucket sum 0 != events 47
E   assert 0 == 47</failure></testcase><testcase classname="tests.test_auto_iteration2.TestTransportCost" name="test_wellington_non_runner" time="0.187" /><testcase classname="tests.test_auto_iteration2.TestTransportCost" name="test_auckland_runner" time="0.095" /><testcase classname="tests.test_auto_iteration2.TestAuctionsCalendar" name="test_calendar_filter_by_city" time="0.130" /><testcase classname="tests.test_auto_iteration2.TestTransportCost" name="test_pricing_table" time="0.160" /><testcase classname="tests.test_auto_iteration2.TestAuctionsCalendar" name="test_admin_refresh_requires_auth" time="0.141" /><testcase classname="tests.test_auto_iteration2.TestTransportCost" name="test_unknown_branch_fallback" time="0.131" /><testcase classname="tests.test_auto_iteration2.TestPriceBreakdownBranch" name="test_christchurch_non_runner" time="0.133" /><testcase classname="tests.test_auto_iteration2.TestAuctionsCalendar" name="test_admin_refresh_with_token" time="2.543" /><testcase classname="tests.test_auto_iteration2.TestPriceBreakdownBranch" name="test_legacy_back_compat_no_branch" time="0.134" /><testcase classname="tests.test_auto_iteration2.TestVehicleRussianCity" name="test_vehicle_with_russian_location_does_not_500" time="0.362" /></testsuite></testsuites>