<?xml version="1.0" encoding="utf-8"?><testsuites name="pytest tests"><testsuite name="pytest" errors="0" failures="0" skipped="0" tests="7" time="5.265" timestamp="2026-06-24T07:01:23.020992+00:00" hostname="agent-env-35cf1804-8b17-4a2c-a833-05aae6d9ac23"><testcase classname="tests.test_landed_hot" name="test_hot_daily_returns_items" time="0.199" /><testcase classname="tests.test_landed_hot" name="test_ru_customs_calc_full" time="0.112" /><testcase classname="tests.test_landed_hot" name="test_ru_customs_invalid_scheme" time="0.107" /><testcase classname="tests.test_landed_hot" name="test_ru_customs_invalid_fob" time="0.105" /><testcase classname="tests.test_landed_hot" name="test_landed_defaults_for_any_vehicle" time="0.228" /><testcase classname="tests.test_landed_hot" name="test_landed_defaults_404" time="0.100" /><testcase classname="tests.test_landed_hot" name="test_chat_responds_in_russian" time="3.878" /></testsuite></testsuites>