<?xml version="1.0" encoding="utf-8"?><testsuites name="pytest tests"><testsuite name="pytest" errors="0" failures="1" skipped="0" tests="17" time="4.986" timestamp="2026-06-24T08:23:04.049438+00:00" hostname="agent-env-35cf1804-8b17-4a2c-a833-05aae6d9ac23"><testcase classname="tests.test_iter7_body_types_similar.TestBodyTypeFilter" name="test_filter_by_canonical_key[sedan-1]" time="0.217" /><testcase classname="tests.test_iter7_body_types_similar.TestRegression" name="test_login_admin" time="0.203" /><testcase classname="tests.test_iter7_body_types_similar.TestRegression" name="test_catalog_filter_make_model" time="0.056" /><testcase classname="tests.test_iter7_body_types_similar.TestBodyTypeFilter" name="test_filter_by_canonical_key[suv-1]" time="0.043" /><testcase classname="tests.test_iter7_body_types_similar.TestRegression" name="test_hot_daily" time="0.048" /><testcase classname="tests.test_iter7_body_types_similar.TestBodyTypeFilter" name="test_filter_by_canonical_key[utility-1]" time="0.042" /><testcase classname="tests.test_iter7_body_types_similar.TestBodyTypeFilter" name="test_filter_by_canonical_key[hatchback-1]" time="0.043" /><testcase classname="tests.test_iter7_body_types_similar.TestBodyTypeFilter" name="test_filter_by_canonical_key[wagon-1]" time="0.042" /><testcase classname="tests.test_iter7_body_types_similar.TestRegression" name="test_deposit_endpoint_authed" time="0.098" /><testcase classname="tests.test_iter7_body_types_similar.TestBodyTypeFilter" name="test_filter_by_canonical_key[van-1]" time="0.083" /><testcase classname="tests.test_iter7_body_types_similar.TestRegression" name="test_admin_settings_schema" time="0.051" /><testcase classname="tests.test_iter7_body_types_similar.TestRegression" name="test_chat_returns_reply" time="3.938"><failure message="AssertionError: empty reply: {'role': 'assistant', 'content': 'Здравствуйте! Я ИИ‑помощник АвтоРесурс. Мы помогаем купить автомобиль из Новой Зеландии и Австралии под заказ: подбираем лоты (Turners/Manheim/Pickles и дилерские стоки), выкупаем на аукционе от вашего имени и организуем доставку дальше. Цены на сайте указаны как **FOB** (стоимость на аукционе до доставки и растаможки), а полную стоимость можно посчитать через кнопку **«Рассчитать под ключ в РФ»** на странице авто. Если скажете марку/модель, бюджет и город доставки — подскажу, с чего лучше начать.', 'session_id': 'chat-746bad6d-7357-4e81-b3aa-2c223ded93d3'}&#10;assert (True and 0 &gt; 0)&#10; +  where True = isinstance('', str)&#10; +  and   0 = len('')">backend/tests/test_iter7_body_types_similar.py:160: in test_chat_returns_reply
    assert isinstance(reply, str) and len(reply) &gt; 0, f"empty reply: {data}"
E   AssertionError: empty reply: {'role': 'assistant', 'content': 'Здравствуйте! Я ИИ‑помощник АвтоРесурс. Мы помогаем купить автомобиль из Новой Зеландии и Австралии под заказ: подбираем лоты (Turners/Manheim/Pickles и дилерские стоки), выкупаем на аукционе от вашего имени и организуем доставку дальше. Цены на сайте указаны как **FOB** (стоимость на аукционе до доставки и растаможки), а полную стоимость можно посчитать через кнопку **«Рассчитать под ключ в РФ»** на странице авто. Если скажете марку/модель, бюджет и город доставки — подскажу, с чего лучше начать.', 'session_id': 'chat-746bad6d-7357-4e81-b3aa-2c223ded93d3'}
E   assert (True and 0 &gt; 0)
E    +  where True = isinstance('', str)
E    +  and   0 = len('')</failure></testcase><testcase classname="tests.test_iter7_body_types_similar.TestBodyTypeFilter" name="test_sedan_should_have_at_least_one" time="0.209" /><testcase classname="tests.test_iter7_body_types_similar.TestSimilarLots" name="test_similar_returns_items" time="0.089" /><testcase classname="tests.test_iter7_body_types_similar.TestSimilarLots" name="test_similar_404_for_unknown" time="0.041" /><testcase classname="tests.test_iter7_body_types_similar.TestSimilarLots" name="test_similar_no_500_when_no_matches" time="0.543" /><testcase classname="tests.test_iter7_body_types_similar.TestBodyTypeCounts" name="test_returns_8_items_canonical_order" time="0.054" /></testsuite></testsuites>