<?xml version="1.0" encoding="utf-8"?><testsuites name="pytest tests"><testsuite name="pytest" errors="0" failures="1" skipped="0" tests="6" time="7.949" timestamp="2026-06-24T07:17:26.795727+00:00" hostname="agent-env-35cf1804-8b17-4a2c-a833-05aae6d9ac23"><testcase classname="tests.test_iter6_rub_hot" name="test_fx_rate_shape" time="0.310" /><testcase classname="tests.test_iter6_rub_hot" name="test_hot_daily_max_2_and_labels" time="0.119" /><testcase classname="tests.test_iter6_rub_hot" name="test_ru_customs_calc_with_extras" time="0.099" /><testcase classname="tests.test_iter6_rub_hot" name="test_landed_defaults_clean_auction" time="0.260" /><testcase classname="tests.test_iter6_rub_hot" name="test_landed_defaults_damaged" time="0.231"><failure message="AssertionError: damaged should preselect non_runner: {'vehicle_id': '9a7174a2-9842-4129-b6e4-298ede2526b1', 'fob_nzd': 10749.0, 'age_years': 18, 'engine_cc': 2500, 'engine_hp': 0, 'nz_branch': 'Веллингтон', 'listing_type': 'auction', 'scheme': 'whole', 'is_non_runner': False, 'forklift': False, 'dismantling': False, 'inspection': False}&#10;assert False is True&#10; +  where False = &lt;built-in method get of dict object at 0xfc56599c1940&gt;('is_non_runner')&#10; +    where &lt;built-in method get of dict object at 0xfc56599c1940&gt; = {'vehicle_id': '9a7174a2-9842-4129-b6e4-298ede2526b1', 'fob_nzd': 10749.0, 'age_years': 18, 'engine_cc': 2500, ...}.get">tests/test_iter6_rub_hot.py:126: in test_landed_defaults_damaged
    assert d.get("is_non_runner") is True, f"damaged should preselect non_runner: {d}"
E   AssertionError: damaged should preselect non_runner: {'vehicle_id': '9a7174a2-9842-4129-b6e4-298ede2526b1', 'fob_nzd': 10749.0, 'age_years': 18, 'engine_cc': 2500, 'engine_hp': 0, 'nz_branch': 'Веллингтон', 'listing_type': 'auction', 'scheme': 'whole', 'is_non_runner': False, 'forklift': False, 'dismantling': False, 'inspection': False}
E   assert False is True
E    +  where False = &lt;built-in method get of dict object at 0xfc56599c1940&gt;('is_non_runner')
E    +    where &lt;built-in method get of dict object at 0xfc56599c1940&gt; = {'vehicle_id': '9a7174a2-9842-4129-b6e4-298ede2526b1', 'fob_nzd': 10749.0, 'age_years': 18, 'engine_cc': 2500, ...}.get</failure></testcase><testcase classname="tests.test_iter6_rub_hot" name="test_chat_russian_response" time="6.367" /></testsuite></testsuites>