<?xml version="1.0" encoding="utf-8"?><testsuites name="pytest tests"><testsuite name="pytest" errors="0" failures="0" skipped="0" tests="12" time="2.689" timestamp="2026-06-25T02:44:10.681146+00:00" hostname="agent-env-35cf1804-8b17-4a2c-a833-05aae6d9ac23"><testcase classname="tests.test_iter12_saved_searches.TestAdminSavedSearchRun" name="test_unauth_rejected" time="0.117" /><testcase classname="tests.test_iter12_saved_searches.TestQuizRepairFilter" name="test_repair_no_matches_have_no_damage" time="0.275" /><testcase classname="tests.test_iter12_saved_searches.TestAdminSavedSearchRun" name="test_non_admin_rejected" time="0.159" /><testcase classname="tests.test_iter12_saved_searches.TestQuizRepairFilter" name="test_repair_any_returns_damaged_only_when_present" time="0.059" /><testcase classname="tests.test_iter12_saved_searches.TestAdminSavedSearchRun" name="test_admin_run_returns_shape" time="0.163" /><testcase classname="tests.test_iter12_saved_searches.TestQuizRepairFilter" name="test_repair_omitted_unchanged_behaviour" time="0.050" /><testcase classname="tests.test_iter12_saved_searches.TestTelegramBinding" name="test_start_binding" time="0.218" /><testcase classname="tests.test_iter12_saved_searches.TestSavedSearchCrud" name="test_unauth_create_rejected" time="0.114" /><testcase classname="tests.test_iter12_saved_searches.TestSavedSearchCrud" name="test_create_list_toggle_delete" time="0.897" /><testcase classname="tests.test_iter12_saved_searches.TestTelegramBinding" name="test_binding_status_initially_unbound_then_webhook_binds" time="1.611" /><testcase classname="tests.test_iter12_saved_searches.TestSavedSearchPreview" name="test_preview_no_auth" time="0.048" /><testcase classname="tests.test_iter12_saved_searches.TestQuizMeta" name="test_quiz_meta_includes_repairs_and_buyer_types" time="0.052" /></testsuite></testsuites>