<?xml version="1.0" encoding="utf-8"?><testsuites name="pytest tests"><testsuite name="pytest" errors="0" failures="0" skipped="0" tests="13" time="3.807" timestamp="2026-09-15T03:04:53.623717+00:00" hostname="agent-env-35cf1804-8b17-4a2c-a833-05aae6d9ac23"><testcase classname="tests.test_iter19_catalog_sold_history.TestCatalogNoNonVehicles" name="test_first_page_no_non_vehicles" time="0.163" /><testcase classname="tests.test_iter19_catalog_sold_history.TestIsNonVehiclePredicate" name="test_truck_machinery_url_barrier" time="1.611" /><testcase classname="tests.test_iter19_catalog_sold_history.TestCatalogNoNonVehicles" name="test_multiple_pages_no_non_vehicles" time="0.480" /><testcase classname="tests.test_iter19_catalog_sold_history.TestIsNonVehiclePredicate" name="test_passenger_url_toyota" time="0.000" /><testcase classname="tests.test_iter19_catalog_sold_history.TestIsNonVehiclePredicate" name="test_title_only_portable_building" time="0.000" /><testcase classname="tests.test_iter19_catalog_sold_history.TestIsNonVehiclePredicate" name="test_title_ru_and_original_fields" time="0.000" /><testcase classname="tests.test_iter19_catalog_sold_history.TestIsNonVehiclePredicate" name="test_regular_car_doc_not_flagged" time="0.000" /><testcase classname="tests.test_iter19_catalog_sold_history.TestRegressionIter17And18" name="test_payment_terms_still_v2" time="0.182" /><testcase classname="tests.test_iter19_catalog_sold_history.TestSoldHistoryEndpoint" name="test_sold_history_current_listings_for_common" time="1.107" /><testcase classname="tests.test_iter19_catalog_sold_history.TestSoldHistoryEndpoint" name="test_sold_history_insufficient_for_rare" time="1.095" /><testcase classname="tests.test_iter19_catalog_sold_history.TestRegressionIter17And18" name="test_landed_estimate_on_priced_vehicle" time="0.186" /><testcase classname="tests.test_iter19_catalog_sold_history.TestAdminCleanupNonVehicles" name="test_requires_auth" time="0.094" /><testcase classname="tests.test_iter19_catalog_sold_history.TestAdminCleanupNonVehicles" name="test_cleanup_idempotent" time="0.249" /></testsuite></testsuites>