<?xml version="1.0" encoding="utf-8"?><testsuites name="pytest tests"><testsuite name="pytest" errors="0" failures="2" skipped="0" tests="17" time="9.280" timestamp="2026-06-24T06:06:35.657922+00:00" hostname="agent-env-35cf1804-8b17-4a2c-a833-05aae6d9ac23"><testcase classname="tests.test_auto_iteration3.TestExistingRegression" name="test_admin_login" time="0.145" /><testcase classname="tests.test_auto_iteration3.TestExistingRegression" name="test_client_login" time="0.100" /><testcase classname="tests.test_auto_iteration3.TestExistingRegression" name="test_vehicles_list" time="0.099" /><testcase classname="tests.test_auto_iteration3.TestExistingRegression" name="test_calendar" time="0.097" /><testcase classname="tests.test_auto_iteration3.TestExistingRegression" name="test_transport_cost" time="0.101" /><testcase classname="tests.test_auto_iteration3.TestScheduler" name="test_status_requires_admin" time="0.120" /><testcase classname="tests.test_auto_iteration3.TestScheduler" name="test_status_with_admin" time="0.095" /><testcase classname="tests.test_auto_iteration3.TestSourcesList" name="test_list_sources" time="0.101" /><testcase classname="tests.test_auto_iteration3.TestSourceScan" name="test_scan_unknown_source_400" time="0.099" /><testcase classname="tests.test_auto_iteration3.TestSourceScan" name="test_scan_turners_preview_no_writes" time="1.957" /><testcase classname="tests.test_auto_iteration3.TestSourceImport" name="test_import_with_ids" time="3.318" /><testcase classname="tests.test_auto_iteration3.TestSourceImport" name="test_import_runs_listed" time="0.148" /><testcase classname="tests.test_auto_iteration3.TestSourceImport" name="test_import_duplicates_second_run" time="1.602" /><testcase classname="tests.test_auto_iteration3.TestBrandingBackfill" name="test_requires_admin" time="0.099" /><testcase classname="tests.test_auto_iteration3.TestBrandingBackfill" name="test_backfill_processes_and_idempotent" time="0.627"><failure message="AssertionError: expected idempotent processed=0, got {'processed': 2, 'branded_images': 1, 'errors': [], 'at': '2026-06-24T06:06:44.414183'}&#10;assert 2 == 0">backend/tests/test_auto_iteration3.py:226: in test_backfill_processes_and_idempotent
    assert d2["processed"] == 0, f"expected idempotent processed=0, got {d2}"
E   AssertionError: expected idempotent processed=0, got {'processed': 2, 'branded_images': 1, 'errors': [], 'at': '2026-06-24T06:06:44.414183'}
E   assert 2 == 0</failure></testcase><testcase classname="tests.test_auto_iteration3.TestBrandingBackfill" name="test_force_reprocesses" time="0.270" /><testcase classname="tests.test_auto_iteration3.TestBrandingBackfill" name="test_local_images_served" time="0.204"><failure message="AssertionError: unexpected content-type: text/html; charset=utf-8&#10;assert False&#10; +  where False = &lt;built-in method startswith of str object at 0xfba0c4c05a70&gt;('image/')&#10; +    where &lt;built-in method startswith of str object at 0xfba0c4c05a70&gt; = 'text/html; charset=utf-8'.startswith">backend/tests/test_auto_iteration3.py:261: in test_local_images_served
    assert ct.startswith("image/"), f"unexpected content-type: {ct}"
E   AssertionError: unexpected content-type: text/html; charset=utf-8
E   assert False
E    +  where False = &lt;built-in method startswith of str object at 0xfba0c4c05a70&gt;('image/')
E    +    where &lt;built-in method startswith of str object at 0xfba0c4c05a70&gt; = 'text/html; charset=utf-8'.startswith</failure></testcase></testsuite></testsuites>