<?xml version="1.0" encoding="utf-8"?><testsuites name="pytest tests"><testsuite name="pytest" errors="0" failures="0" skipped="0" tests="8" time="2.877" timestamp="2026-09-15T06:00:00.517011+00:00" hostname="agent-env-35cf1804-8b17-4a2c-a833-05aae6d9ac23"><testcase classname="tests.test_iter22_scraper_presets.TestSchedulerWiring" name="test_scheduler_module_constants" time="0.001" /><testcase classname="tests.test_iter22_scraper_presets.TestPresetCounts" name="test_preset_counts_shape_and_van_pickup" time="0.161" /><testcase classname="tests.test_iter22_scraper_presets.TestSchedulerWiring" name="test_scheduler_status_dict" time="0.000" /><testcase classname="tests.test_iter22_scraper_presets.TestHammerCaptureRegression" name="test_capture_hammer_admin" time="0.335" /><testcase classname="tests.test_iter22_scraper_presets.TestPresetCounts" name="test_van_pickup_vehicles_search_matches" time="0.391" /><testcase classname="tests.test_iter22_scraper_presets.TestSoldHistoryRegression" name="test_sold_history_shape" time="0.275" /><testcase classname="tests.test_iter22_scraper_presets.TestBodyTypeCountsRegression" name="test_body_type_counts_canonical" time="0.164" /><testcase classname="tests.test_iter22_scraper_presets.TestIsNonVehicleWhitelist" name="test_whitelist" time="1.568" /></testsuite></testsuites>