<?xml version="1.0" encoding="utf-8"?><testsuites name="pytest tests"><testsuite name="pytest" errors="0" failures="0" skipped="0" tests="3" time="0.790" timestamp="2026-06-25T03:20:43.523792+00:00" hostname="agent-env-35cf1804-8b17-4a2c-a833-05aae6d9ac23"><testcase classname="tests.test_iter14_auction_mirror.TestAuctionMirror" name="test_calendar_events_have_event_id" time="0.144" /><testcase classname="tests.test_iter14_auction_mirror.TestAuctionMirror" name="test_event_detail_returns_event_and_vehicles" time="0.140" /><testcase classname="tests.test_iter14_auction_mirror.TestAuctionMirror" name="test_event_detail_garbage_id_returns_404" time="0.101" /></testsuite></testsuites>