<?xml version="1.0" encoding="utf-8"?><testsuites name="pytest tests"><testsuite name="pytest" errors="0" failures="0" skipped="0" tests="15" time="4.164" timestamp="2026-06-25T00:38:55.264694+00:00" hostname="agent-env-35cf1804-8b17-4a2c-a833-05aae6d9ac23"><testcase classname="tests.test_iter9_engagement" name="test_interest_anon_requires_name_phone" time="0.099" /><testcase classname="tests.test_iter9_engagement" name="test_interest_anon_success_no_auth" time="0.143" /><testcase classname="tests.test_iter9_engagement" name="test_interest_with_jwt_attaches_user_id" time="0.323" /><testcase classname="tests.test_iter9_engagement" name="test_interest_mirrors_to_contacts" time="0.333" /><testcase classname="tests.test_iter9_engagement" name="test_offer_requires_auth" time="0.103" /><testcase classname="tests.test_iter9_engagement" name="test_offer_rejects_zero_or_negative" time="0.295" /><testcase classname="tests.test_iter9_engagement" name="test_offer_create_and_my_offers" time="0.307" /><testcase classname="tests.test_iter9_engagement" name="test_engagement_counts_reflect_offer" time="0.111" /><testcase classname="tests.test_iter9_engagement" name="test_bid_blocked_without_deposit" time="0.313" /><testcase classname="tests.test_iter9_engagement" name="test_bid_allowed_with_verified_deposit" time="0.211" /><testcase classname="tests.test_iter9_engagement" name="test_market_summary_shape" time="0.098" /><testcase classname="tests.test_iter9_engagement" name="test_ending_soon_shape" time="0.195" /><testcase classname="tests.test_iter9_engagement" name="test_admin_interests_requires_admin" time="0.103" /><testcase classname="tests.test_iter9_engagement" name="test_admin_offers_requires_admin" time="0.113" /><testcase classname="tests.test_iter9_engagement" name="test_admin_lists_and_status_transitions" time="1.035" /></testsuite></testsuites>